<?xml version="1.0" encoding="UTF-8"?>
<!-- Generated by org.testng.reporters.JUnitXMLReporter -->
<testsuite ignored="0" hostname="L7KM63J3" failures="0" tests="7" name="EFS Testing" time="19.084" errors="0" timestamp="2023-08-18T17:17:17 IST">
  <testcase classname="test2.SearchEngine" name="google" time="13.033"/>
  <testcase classname="test2.Education" name="sdet" time="13.093"/>
  <testcase classname="test2.Food" name="dunzo" time="13.684"/>
  <testcase classname="test2.Education" name="rahulshetty" time="14.077"/>
  <testcase classname="test2.Food" name="zomato" time="14.36"/>
  <testcase classname="test2.Education" name="udemy" time="15.019"/>
  <testcase classname="test2.SearchEngine" name="yahoo" time="19.057"/>
</testsuite> <!-- EFS Testing -->
