<?xml version="1.0" encoding="UTF-8"?>
<!-- Generated by org.testng.reporters.JUnitXMLReporter -->
<testsuite ignored="0" hostname="L7KM63J3" failures="0" tests="5" name="Test1" time="12.216" errors="0" timestamp="2023-08-18T14:58:35 IST">
  <testcase classname="test2.Education" name="sdet" time="10.996"/>
  <testcase classname="test2.Education" name="udemy" time="11.281"/>
  <testcase classname="test2.Food" name="dunzo" time="11.497"/>
  <testcase classname="test2.Food" name="zomato" time="11.501"/>
  <testcase classname="test2.Education" name="rahulshetty" time="12.194"/>
</testsuite> <!-- Test1 -->
