<?xml version="1.0" encoding="UTF-8"?>
<!-- Generated by org.testng.reporters.JUnitXMLReporter -->
<testsuite ignored="0" hostname="L7KM63J3" failures="0" tests="7" name="Test" time="18.962" errors="0" timestamp="2023-08-18T17:13:56 IST">
  <testcase classname="test2.Education" name="sdet" time="14.311"/>
  <testcase classname="test2.SearchEngine" name="google" time="15.087"/>
  <testcase classname="test2.Food" name="dunzo" time="15.409"/>
  <testcase classname="test2.Education" name="udemy" time="15.69"/>
  <testcase classname="test2.Education" name="rahulshetty" time="16.21"/>
  <testcase classname="test2.Food" name="zomato" time="16.24"/>
  <testcase classname="test2.SearchEngine" name="yahoo" time="18.927"/>
</testsuite> <!-- Test -->
