<?xml version="1.0" encoding="UTF-8"?>
<!-- Generated by org.testng.reporters.JUnitXMLReporter -->
<testsuite ignored="0" hostname="L7KM63J3" failures="0" tests="3" name="Submit Order TestFolder" time="28.16" errors="0" timestamp="2023-08-18T11:12:21 IST">
  <testcase classname="Temenos.TestCases.SubmitOrderTest" name="SubmitOrder" time="5.322"/>
  <testcase classname="Temenos.TestCases.SubmitOrderTest" name="SubmitOrder" time="5.76"/>
  <testcase classname="Temenos.TestCases.SubmitOrderTest" name="validateOrderPage" time="0.705"/>
</testsuite> <!-- Submit Order TestFolder -->
