<?xml version="1.0" encoding="UTF-8"?>
<!-- Generated by org.testng.reporters.JUnitXMLReporter -->
<testsuite ignored="0" hostname="ITEM-S147505" failures="0" tests="3" name="Submit Order TestFolder" time="28.973" errors="0" timestamp="2023-11-01T22:31:02 IST">
  <testcase classname="Temenos.TestCases.SubmitOrderTest" name="SubmitOrder" time="5.805"/>
  <testcase classname="Temenos.TestCases.SubmitOrderTest" name="SubmitOrder" time="5.741"/>
  <testcase classname="Temenos.TestCases.SubmitOrderTest" name="validateOrderPage" time="0.692"/>
</testsuite> <!-- Submit Order TestFolder -->
