<?xml version="1.0" encoding="UTF-8"?>
<testng-results ignored="0" total="5" passed="5" failed="0" skipped="0">
  <reporter-output>
  </reporter-output>
  <suite started-at="2023-11-17T21:15:00 IST" name="Suite" finished-at="2023-11-17T21:15:45 IST" duration-ms="44911">
    <groups>
      <group name="Purchase">
        <method signature="SubmitOrderTest.SubmitOrder(java.util.HashMap)[pri:0, instance:Temenos.TestCases.SubmitOrderTest@548a24a]" name="SubmitOrder" class="Temenos.TestCases.SubmitOrderTest"/>
      </group> <!-- Purchase -->
    </groups>
    <test started-at="2023-11-17T21:15:00 IST" name="Test" finished-at="2023-11-17T21:15:45 IST" duration-ms="44911">
      <class name="Temenos.TestCases.ErrorValidationTest">
        <test-method is-config="true" signature="launchApplication()[pri:0, instance:Temenos.TestCases.ErrorValidationTest@7bd7d6d6]" started-at="2023-11-17T21:15:31 IST" name="launchApplication" finished-at="2023-11-17T21:15:34 IST" duration-ms="3465" status="PASS">
          <reporter-output>
          </reporter-output>
        </test-method> <!-- launchApplication -->
        <test-method signature="confirmationMsgValidation()[pri:0, instance:Temenos.TestCases.ErrorValidationTest@7bd7d6d6]" started-at="2023-11-17T21:15:34 IST" name="confirmationMsgValidation" finished-at="2023-11-17T21:15:40 IST" duration-ms="5633" status="PASS">
          <reporter-output>
          </reporter-output>
        </test-method> <!-- confirmationMsgValidation -->
        <test-method is-config="true" signature="closeWindow()[pri:0, instance:Temenos.TestCases.ErrorValidationTest@7bd7d6d6]" started-at="2023-11-17T21:15:40 IST" name="closeWindow" finished-at="2023-11-17T21:15:40 IST" duration-ms="231" status="PASS">
          <reporter-output>
          </reporter-output>
        </test-method> <!-- closeWindow -->
        <test-method is-config="true" signature="launchApplication()[pri:0, instance:Temenos.TestCases.ErrorValidationTest@7bd7d6d6]" started-at="2023-11-17T21:15:40 IST" name="launchApplication" finished-at="2023-11-17T21:15:44 IST" duration-ms="3546" status="PASS">
          <reporter-output>
          </reporter-output>
        </test-method> <!-- launchApplication -->
        <test-method signature="loginErrorValidation()[pri:0, instance:Temenos.TestCases.ErrorValidationTest@7bd7d6d6]" started-at="2023-11-17T21:15:44 IST" name="loginErrorValidation" finished-at="2023-11-17T21:15:45 IST" duration-ms="1403" status="PASS">
          <reporter-output>
          </reporter-output>
        </test-method> <!-- loginErrorValidation -->
        <test-method is-config="true" signature="closeWindow()[pri:0, instance:Temenos.TestCases.ErrorValidationTest@7bd7d6d6]" started-at="2023-11-17T21:15:45 IST" name="closeWindow" finished-at="2023-11-17T21:15:45 IST" duration-ms="97" status="PASS">
          <reporter-output>
          </reporter-output>
        </test-method> <!-- closeWindow -->
      </class> <!-- Temenos.TestCases.ErrorValidationTest -->
      <class name="Temenos.TestCases.SubmitOrderTest">
        <test-method is-config="true" signature="launchApplication()[pri:0, instance:Temenos.TestCases.SubmitOrderTest@548a24a]" started-at="2023-11-17T21:15:01 IST" name="launchApplication" finished-at="2023-11-17T21:15:10 IST" duration-ms="8822" status="PASS">
          <reporter-output>
          </reporter-output>
        </test-method> <!-- launchApplication -->
        <test-method signature="SubmitOrder(java.util.HashMap)[pri:0, instance:Temenos.TestCases.SubmitOrderTest@548a24a]" started-at="2023-11-17T21:15:10 IST" name="SubmitOrder" data-provider="giveData" finished-at="2023-11-17T21:15:15 IST" duration-ms="5792" status="PASS">
          <params>
            <param index="0">
              <value>
                <![CDATA[{password=Password@179, email=prashannarg@gmail.com, productName=zara coat 3}]]>
              </value>
            </param>
          </params>
          <reporter-output>
          </reporter-output>
        </test-method> <!-- SubmitOrder -->
        <test-method is-config="true" signature="closeWindow()[pri:0, instance:Temenos.TestCases.SubmitOrderTest@548a24a]" started-at="2023-11-17T21:15:15 IST" name="closeWindow" finished-at="2023-11-17T21:15:15 IST" duration-ms="83" status="PASS">
          <reporter-output>
          </reporter-output>
        </test-method> <!-- closeWindow -->
        <test-method is-config="true" signature="launchApplication()[pri:0, instance:Temenos.TestCases.SubmitOrderTest@548a24a]" started-at="2023-11-17T21:15:15 IST" name="launchApplication" finished-at="2023-11-17T21:15:20 IST" duration-ms="4286" status="PASS">
          <reporter-output>
          </reporter-output>
        </test-method> <!-- launchApplication -->
        <test-method signature="SubmitOrder(java.util.HashMap)[pri:0, instance:Temenos.TestCases.SubmitOrderTest@548a24a]" started-at="2023-11-17T21:15:20 IST" name="SubmitOrder" data-provider="giveData" finished-at="2023-11-17T21:15:26 IST" duration-ms="5927" status="PASS">
          <params>
            <param index="0">
              <value>
                <![CDATA[{password=Password@179, email=Dhivyan@gmail.com, productName=adidas original}]]>
              </value>
            </param>
          </params>
          <reporter-output>
          </reporter-output>
        </test-method> <!-- SubmitOrder -->
        <test-method is-config="true" signature="closeWindow()[pri:0, instance:Temenos.TestCases.SubmitOrderTest@548a24a]" started-at="2023-11-17T21:15:26 IST" name="closeWindow" finished-at="2023-11-17T21:15:26 IST" duration-ms="99" status="PASS">
          <reporter-output>
          </reporter-output>
        </test-method> <!-- closeWindow -->
        <test-method is-config="true" signature="launchApplication()[pri:0, instance:Temenos.TestCases.SubmitOrderTest@548a24a]" started-at="2023-11-17T21:15:26 IST" name="launchApplication" finished-at="2023-11-17T21:15:30 IST" duration-ms="4429" status="PASS">
          <reporter-output>
          </reporter-output>
        </test-method> <!-- launchApplication -->
        <test-method signature="validateOrderPage()[pri:0, instance:Temenos.TestCases.SubmitOrderTest@548a24a]" started-at="2023-11-17T21:15:30 IST" name="validateOrderPage" finished-at="2023-11-17T21:15:31 IST" depends-on-methods="Temenos.TestCases.SubmitOrderTest.SubmitOrder" duration-ms="688" status="PASS">
          <reporter-output>
          </reporter-output>
        </test-method> <!-- validateOrderPage -->
        <test-method is-config="true" signature="closeWindow()[pri:0, instance:Temenos.TestCases.SubmitOrderTest@548a24a]" started-at="2023-11-17T21:15:31 IST" name="closeWindow" finished-at="2023-11-17T21:15:31 IST" duration-ms="99" status="PASS">
          <reporter-output>
          </reporter-output>
        </test-method> <!-- closeWindow -->
      </class> <!-- Temenos.TestCases.SubmitOrderTest -->
    </test> <!-- Test -->
  </suite> <!-- Suite -->
</testng-results>
