<?xml version="1.0" encoding="UTF-8"?>
<testng-results ignored="0" total="7" passed="7" failed="0" skipped="0">
  <reporter-output>
  </reporter-output>
  <suite started-at="2023-08-18T17:16:58 IST" name="EFS" finished-at="2023-08-18T17:17:17 IST" duration-ms="19084">
    <groups>
    </groups>
    <test started-at="2023-08-18T17:16:58 IST" name="EFS Testing" finished-at="2023-08-18T17:17:17 IST" duration-ms="19084">
      <class name="test2.SearchEngine">
        <test-method signature="google()[pri:0, instance:test2.SearchEngine@73ee04c8]" started-at="2023-08-18T17:16:58 IST" name="google" finished-at="2023-08-18T17:17:11 IST" duration-ms="13033" status="PASS">
          <reporter-output>
          </reporter-output>
        </test-method> <!-- google -->
        <test-method signature="yahoo()[pri:0, instance:test2.SearchEngine@73ee04c8]" started-at="2023-08-18T17:16:58 IST" name="yahoo" finished-at="2023-08-18T17:17:17 IST" duration-ms="19057" status="PASS">
          <reporter-output>
          </reporter-output>
        </test-method> <!-- yahoo -->
      </class> <!-- test2.SearchEngine -->
      <class name="test2.Food">
        <test-method signature="dunzo()[pri:0, instance:test2.Food@61386958]" started-at="2023-08-18T17:16:58 IST" name="dunzo" finished-at="2023-08-18T17:17:11 IST" duration-ms="13684" status="PASS">
          <reporter-output>
          </reporter-output>
        </test-method> <!-- dunzo -->
        <test-method signature="zomato()[pri:0, instance:test2.Food@61386958]" started-at="2023-08-18T17:16:58 IST" name="zomato" finished-at="2023-08-18T17:17:12 IST" duration-ms="14360" status="PASS">
          <reporter-output>
          </reporter-output>
        </test-method> <!-- zomato -->
      </class> <!-- test2.Food -->
      <class name="test2.Education">
        <test-method signature="rahulshetty()[pri:0, instance:test2.Education@e1de817]" started-at="2023-08-18T17:16:58 IST" name="rahulshetty" finished-at="2023-08-18T17:17:12 IST" duration-ms="14077" status="PASS">
          <reporter-output>
          </reporter-output>
        </test-method> <!-- rahulshetty -->
        <test-method signature="sdet()[pri:0, instance:test2.Education@e1de817]" started-at="2023-08-18T17:16:58 IST" name="sdet" finished-at="2023-08-18T17:17:11 IST" duration-ms="13093" status="PASS">
          <reporter-output>
          </reporter-output>
        </test-method> <!-- sdet -->
        <test-method signature="udemy()[pri:0, instance:test2.Education@e1de817]" started-at="2023-08-18T17:16:58 IST" name="udemy" finished-at="2023-08-18T17:17:13 IST" duration-ms="15019" status="PASS">
          <reporter-output>
          </reporter-output>
        </test-method> <!-- udemy -->
      </class> <!-- test2.Education -->
    </test> <!-- EFS Testing -->
  </suite> <!-- EFS -->
</testng-results>
