<?xml version="1.0" encoding="UTF-8"?>
<!-- Generated by org.testng.reporters.JUnitXMLReporter -->
<testsuite ignored="0" hostname="ITEM-S147505" failures="0" tests="2" name="Error Validation TestFolder" time="14.908" errors="0" timestamp="2023-11-04T00:18:12 IST">
  <testcase classname="Temenos.TestCases.ErrorValidationTest" name="confirmationMsgValidation" time="5.258"/>
  <testcase classname="Temenos.TestCases.ErrorValidationTest" name="loginErrorValidation" time="1.298"/>
</testsuite> <!-- Error Validation TestFolder -->
