<?xml version="1.0" encoding="UTF-8"?>
<!-- Generated by org.testng.reporters.JUnitXMLReporter -->
<testsuite ignored="0" hostname="ITEM-S147505" failures="0" tests="3" name="Submit Order TestFolder" time="23.181" errors="0" timestamp="2023-11-04T00:18:20 IST">
  <testcase classname="Temenos.TestCases.SubmitOrderTest" name="SubmitOrder" time="5.311"/>
  <testcase classname="Temenos.TestCases.SubmitOrderTest" name="SubmitOrder" time="5.801"/>
  <testcase classname="Temenos.TestCases.SubmitOrderTest" name="validateOrderPage" time="0.533"/>
</testsuite> <!-- Submit Order TestFolder -->
