<?xml version="1.0" encoding="UTF-8"?>
<!-- Generated by org.testng.reporters.JUnitXMLReporter -->
<testsuite ignored="0" hostname="ITEM-S147505" failures="0" tests="5" name="Test" time="33.823" errors="0" timestamp="2023-11-04T11:30:43 IST">
  <testcase classname="Temenos.TestCases.SubmitOrderTest" name="SubmitOrder" time="5.479"/>
  <testcase classname="Temenos.TestCases.SubmitOrderTest" name="SubmitOrder" time="5.765"/>
  <testcase classname="Temenos.TestCases.SubmitOrderTest" name="validateOrderPage" time="0.592"/>
  <testcase classname="Temenos.TestCases.ErrorValidationTest" name="confirmationMsgValidation" time="5.492"/>
  <testcase classname="Temenos.TestCases.ErrorValidationTest" name="loginErrorValidation" time="1.291"/>
</testsuite> <!-- Test -->
