<?xml version="1.0" encoding="UTF-8"?>
<!-- Generated by org.testng.reporters.JUnitXMLReporter -->
<testsuite ignored="0" hostname="ITEM-S147505" failures="1" tests="2" name="Test" time="1122.806" errors="0" timestamp="2023-12-03T19:49:18 IST">
  <testcase classname="Temenos.ExternalReports.ExtentReportsDemo" name="test1" time="172.553">
    <failure type="java.lang.AssertionError" message="expected [true] but found [false]">
      <![CDATA[java.lang.AssertionError: expected [true] but found [false]
at Temenos.ExternalReports.ExtentReportsDemo.test1(ExtentReportsDemo.java:21)
at java.base/java.util.ArrayList.forEach(ArrayList.java:1511)
... Removed 31 stack frames]]>
    </failure>
  </testcase> <!-- test1 -->
  <testcase classname="Temenos.ExternalReports.ExtentReportsDemo" name="test2" time="25.499"/>
</testsuite> <!-- Test -->
