<?xml version="1.0" encoding="UTF-8"?>
<testng-results ignored="0" total="5" passed="5" failed="0" skipped="0">
  <reporter-output>
    <line>
      <![CDATA[Login Step Done]]>
    </line>
  </reporter-output>
  <suite started-at="2023-11-04T11:30:09 IST" name="Suite" finished-at="2023-11-04T11:30:43 IST" duration-ms="33823">
    <groups>
      <group name="Purchase">
        <method signature="SubmitOrderTest.SubmitOrder(java.util.HashMap)[pri:0, instance:Temenos.TestCases.SubmitOrderTest@6ed3f258]" name="SubmitOrder" class="Temenos.TestCases.SubmitOrderTest"/>
      </group> <!-- Purchase -->
    </groups>
    <test started-at="2023-11-04T11:30:09 IST" name="Test" finished-at="2023-11-04T11:30:43 IST" duration-ms="33823">
      <class name="Temenos.TestCases.ErrorValidationTest">
        <test-method is-config="true" signature="launchApplication()[pri:0, instance:Temenos.TestCases.ErrorValidationTest@74f5ce22]" started-at="2023-11-04T11:30:29 IST" name="launchApplication" finished-at="2023-11-04T11:30:33 IST" duration-ms="3381" status="PASS">
          <reporter-output>
          </reporter-output>
        </test-method> <!-- launchApplication -->
        <test-method signature="confirmationMsgValidation()[pri:0, instance:Temenos.TestCases.ErrorValidationTest@74f5ce22]" started-at="2023-11-04T11:30:33 IST" name="confirmationMsgValidation" finished-at="2023-11-04T11:30:38 IST" duration-ms="5492" status="PASS">
          <reporter-output>
          </reporter-output>
        </test-method> <!-- confirmationMsgValidation -->
        <test-method is-config="true" signature="closeWindow()[pri:0, instance:Temenos.TestCases.ErrorValidationTest@74f5ce22]" started-at="2023-11-04T11:30:38 IST" name="closeWindow" finished-at="2023-11-04T11:30:38 IST" duration-ms="103" status="PASS">
          <reporter-output>
          </reporter-output>
        </test-method> <!-- closeWindow -->
        <test-method is-config="true" signature="launchApplication()[pri:0, instance:Temenos.TestCases.ErrorValidationTest@74f5ce22]" started-at="2023-11-04T11:30:38 IST" name="launchApplication" finished-at="2023-11-04T11:30:41 IST" duration-ms="2902" status="PASS">
          <reporter-output>
          </reporter-output>
        </test-method> <!-- launchApplication -->
        <test-method signature="loginErrorValidation()[pri:0, instance:Temenos.TestCases.ErrorValidationTest@74f5ce22]" started-at="2023-11-04T11:30:41 IST" name="loginErrorValidation" finished-at="2023-11-04T11:30:43 IST" duration-ms="1291" status="PASS">
          <reporter-output>
            <line>
              <![CDATA[Login Step Done]]>
            </line>
          </reporter-output>
        </test-method> <!-- loginErrorValidation -->
        <test-method is-config="true" signature="closeWindow()[pri:0, instance:Temenos.TestCases.ErrorValidationTest@74f5ce22]" started-at="2023-11-04T11:30:43 IST" name="closeWindow" finished-at="2023-11-04T11:30:43 IST" duration-ms="128" status="PASS">
          <reporter-output>
          </reporter-output>
        </test-method> <!-- closeWindow -->
      </class> <!-- Temenos.TestCases.ErrorValidationTest -->
      <class name="Temenos.TestCases.SubmitOrderTest">
        <test-method is-config="true" signature="launchApplication()[pri:0, instance:Temenos.TestCases.SubmitOrderTest@6ed3f258]" started-at="2023-11-04T11:30:09 IST" name="launchApplication" finished-at="2023-11-04T11:30:13 IST" duration-ms="4079" status="PASS">
          <reporter-output>
          </reporter-output>
        </test-method> <!-- launchApplication -->
        <test-method signature="SubmitOrder(java.util.HashMap)[pri:0, instance:Temenos.TestCases.SubmitOrderTest@6ed3f258]" started-at="2023-11-04T11:30:13 IST" name="SubmitOrder" data-provider="giveData" finished-at="2023-11-04T11:30:19 IST" duration-ms="5479" status="PASS">
          <params>
            <param index="0">
              <value>
                <![CDATA[{password=Password@179, email=prashannarg@gmail.com, productName=zara coat 3}]]>
              </value>
            </param>
          </params>
          <reporter-output>
          </reporter-output>
        </test-method> <!-- SubmitOrder -->
        <test-method is-config="true" signature="closeWindow()[pri:0, instance:Temenos.TestCases.SubmitOrderTest@6ed3f258]" started-at="2023-11-04T11:30:19 IST" name="closeWindow" finished-at="2023-11-04T11:30:19 IST" duration-ms="107" status="PASS">
          <reporter-output>
          </reporter-output>
        </test-method> <!-- closeWindow -->
        <test-method is-config="true" signature="launchApplication()[pri:0, instance:Temenos.TestCases.SubmitOrderTest@6ed3f258]" started-at="2023-11-04T11:30:19 IST" name="launchApplication" finished-at="2023-11-04T11:30:21 IST" duration-ms="1884" status="PASS">
          <reporter-output>
          </reporter-output>
        </test-method> <!-- launchApplication -->
        <test-method signature="SubmitOrder(java.util.HashMap)[pri:0, instance:Temenos.TestCases.SubmitOrderTest@6ed3f258]" started-at="2023-11-04T11:30:21 IST" name="SubmitOrder" data-provider="giveData" finished-at="2023-11-04T11:30:26 IST" duration-ms="5765" status="PASS">
          <params>
            <param index="0">
              <value>
                <![CDATA[{password=Password@179, email=Dhivyan@gmail.com, productName=adidas original}]]>
              </value>
            </param>
          </params>
          <reporter-output>
          </reporter-output>
        </test-method> <!-- SubmitOrder -->
        <test-method is-config="true" signature="closeWindow()[pri:0, instance:Temenos.TestCases.SubmitOrderTest@6ed3f258]" started-at="2023-11-04T11:30:26 IST" name="closeWindow" finished-at="2023-11-04T11:30:26 IST" duration-ms="135" status="PASS">
          <reporter-output>
          </reporter-output>
        </test-method> <!-- closeWindow -->
        <test-method is-config="true" signature="launchApplication()[pri:0, instance:Temenos.TestCases.SubmitOrderTest@6ed3f258]" started-at="2023-11-04T11:30:26 IST" name="launchApplication" finished-at="2023-11-04T11:30:29 IST" duration-ms="2198" status="PASS">
          <reporter-output>
          </reporter-output>
        </test-method> <!-- launchApplication -->
        <test-method signature="validateOrderPage()[pri:0, instance:Temenos.TestCases.SubmitOrderTest@6ed3f258]" started-at="2023-11-04T11:30:29 IST" name="validateOrderPage" finished-at="2023-11-04T11:30:29 IST" depends-on-methods="Temenos.TestCases.SubmitOrderTest.SubmitOrder" duration-ms="592" status="PASS">
          <reporter-output>
          </reporter-output>
        </test-method> <!-- validateOrderPage -->
        <test-method is-config="true" signature="closeWindow()[pri:0, instance:Temenos.TestCases.SubmitOrderTest@6ed3f258]" started-at="2023-11-04T11:30:29 IST" name="closeWindow" finished-at="2023-11-04T11:30:29 IST" duration-ms="74" status="PASS">
          <reporter-output>
          </reporter-output>
        </test-method> <!-- closeWindow -->
      </class> <!-- Temenos.TestCases.SubmitOrderTest -->
    </test> <!-- Test -->
  </suite> <!-- Suite -->
</testng-results>
